<?xml version="1.0" encoding="UTF-8"?>
<!-- Generated by org.testng.reporters.JUnitXMLReporter -->
<testsuite hostname="Himen-PC" name="Test" tests="3" failures="0" timestamp="13 May 2020 18:37:16 GMT" time="67.578" errors="0">
  <testcase name="getTitlePage" time="16.176" classname="Selenium.BuildFramework.ValidateTitle"/>
  <testcase name="basePageNavigation" time="27.835" classname="Selenium.BuildFramework.HomePage"/>
  <testcase name="basePageNavigation" time="23.375" classname="Selenium.BuildFramework.HomePage"/>
</testsuite> <!-- Test -->
