<?xml version="1.0" encoding="UTF-8"?>
<!-- Generated by org.testng.reporters.JUnitXMLReporter -->
<testsuite hostname="Himen-PC" name="Test" tests="3" failures="0" timestamp="14 May 2020 16:48:51 GMT" time="66.036" errors="0">
  <testcase name="getTitlePage" time="15.365" classname="Selenium.BuildFramework.ValidateTitle"/>
  <testcase name="basePageNavigation" time="24.726" classname="Selenium.BuildFramework.HomePage"/>
  <testcase name="basePageNavigation" time="23.594" classname="Selenium.BuildFramework.HomePage"/>
</testsuite> <!-- Test -->
