<?xml version="1.0" encoding="UTF-8"?>
<testng-results skipped="0" failed="0" total="1" passed="1">
  <reporter-output>
  </reporter-output>
  <suite name="Default suite" duration-ms="22481" started-at="2020-05-06T18:19:53Z" finished-at="2020-05-06T18:20:15Z">
    <groups>
    </groups>
    <test name="Default test" duration-ms="22481" started-at="2020-05-06T18:19:53Z" finished-at="2020-05-06T18:20:15Z">
      <class name="com.selenium.testcase.LoginTestCases">
        <test-method status="PASS" signature="Login()[pri:0, instance:com.selenium.testcase.LoginTestCases@224aed64]" name="Login" duration-ms="22443" started-at="2020-05-06T23:49:53Z" finished-at="2020-05-06T23:50:15Z">
          <reporter-output>
          </reporter-output>
        </test-method> <!-- Login -->
      </class> <!-- com.selenium.testcase.LoginTestCases -->
    </test> <!-- Default test -->
  </suite> <!-- Default suite -->
</testng-results>
