<?xml version="1.0" encoding="UTF-8"?>
<testng-results skipped="0" failed="0" total="1" passed="1">
  <reporter-output>
  </reporter-output>
  <suite name="Default suite" duration-ms="12546" started-at="2020-05-09T19:36:50Z" finished-at="2020-05-09T19:37:02Z">
    <groups>
    </groups>
    <test name="Default test" duration-ms="12546" started-at="2020-05-09T19:36:50Z" finished-at="2020-05-09T19:37:02Z">
      <class name="Selenium.BuildFramework.HomePage">
        <test-method status="PASS" signature="basePageNavigation()[pri:0, instance:Selenium.BuildFramework.HomePage@25618e91]" name="basePageNavigation" duration-ms="12513" started-at="2020-05-10T01:06:50Z" finished-at="2020-05-10T01:07:02Z">
          <reporter-output>
          </reporter-output>
        </test-method> <!-- basePageNavigation -->
      </class> <!-- Selenium.BuildFramework.HomePage -->
    </test> <!-- Default test -->
  </suite> <!-- Default suite -->
</testng-results>
